;  LST file generated by mikroListExporter - v.2.0 
; Date/Time: 11-01-2019 22:05:48
;----------------------------------------------

;Address Opcode 	ASM
0x0000	0x286B      	GOTO       107
_init:
;affiharge_par_d_clage.c,2 :: 		void init(){
;affiharge_par_d_clage.c,3 :: 		TRISA=0;
0x0003	0x1683      	BSF        STATUS, 5
0x0004	0x0185      	CLRF       TRISA
;affiharge_par_d_clage.c,4 :: 		TRISB=0;
0x0005	0x0186      	CLRF       TRISB
;affiharge_par_d_clage.c,5 :: 		}
L_end_init:
0x0006	0x0008      	RETURN
; end of _init
_aff:
;affiharge_par_d_clage.c,7 :: 		void aff(){
;affiharge_par_d_clage.c,8 :: 		porta.ra1=1;porta.ra0=1;porta.ra0=0;porta.ra2=1;porta.ra2=0;portb=i; porta.RA1=0; delay_ms(1);
0x0007	0x1283      	BCF        STATUS, 5
0x0008	0x1485      	BSF        PORTA, 1
0x0009	0x1405      	BSF        PORTA, 0
0x000A	0x1005      	BCF        PORTA, 0
0x000B	0x1505      	BSF        PORTA, 2
0x000C	0x1105      	BCF        PORTA, 2
0x000D	0x080E      	MOVF       _i, 0
0x000E	0x0086      	MOVWF      PORTB
0x000F	0x1085      	BCF        PORTA, 1
0x0010	0x3003      	MOVLW      3
0x0011	0x00CC      	MOVWF      R12
0x0012	0x3097      	MOVLW      151
0x0013	0x00CD      	MOVWF      R13
L_aff0:
0x0014	0x0BCD      	DECFSZ     R13, 1
0x0015	0x2814      	GOTO       L_aff0
0x0016	0x0BCC      	DECFSZ     R12, 1
0x0017	0x2814      	GOTO       L_aff0
0x0018	0x0000      	NOP
0x0019	0x0000      	NOP
;affiharge_par_d_clage.c,9 :: 		porta.ra0=1;porta.ra0=0;porta.ra2=1;porta.ra2=0;portb=j;delay_ms(1);
0x001A	0x1405      	BSF        PORTA, 0
0x001B	0x1005      	BCF        PORTA, 0
0x001C	0x1505      	BSF        PORTA, 2
0x001D	0x1105      	BCF        PORTA, 2
0x001E	0x0816      	MOVF       _j, 0
0x001F	0x0086      	MOVWF      PORTB
0x0020	0x3003      	MOVLW      3
0x0021	0x00CC      	MOVWF      R12
0x0022	0x3097      	MOVLW      151
0x0023	0x00CD      	MOVWF      R13
L_aff1:
0x0024	0x0BCD      	DECFSZ     R13, 1
0x0025	0x2824      	GOTO       L_aff1
0x0026	0x0BCC      	DECFSZ     R12, 1
0x0027	0x2824      	GOTO       L_aff1
0x0028	0x0000      	NOP
0x0029	0x0000      	NOP
;affiharge_par_d_clage.c,10 :: 		porta.ra0=1;porta.ra0=0;porta.ra2=1;porta.ra2=0;portb=k; delay_ms(1);
0x002A	0x1405      	BSF        PORTA, 0
0x002B	0x1005      	BCF        PORTA, 0
0x002C	0x1505      	BSF        PORTA, 2
0x002D	0x1105      	BCF        PORTA, 2
0x002E	0x0818      	MOVF       _k, 0
0x002F	0x0086      	MOVWF      PORTB
0x0030	0x3003      	MOVLW      3
0x0031	0x00CC      	MOVWF      R12
0x0032	0x3097      	MOVLW      151
0x0033	0x00CD      	MOVWF      R13
L_aff2:
0x0034	0x0BCD      	DECFSZ     R13, 1
0x0035	0x2834      	GOTO       L_aff2
0x0036	0x0BCC      	DECFSZ     R12, 1
0x0037	0x2834      	GOTO       L_aff2
0x0038	0x0000      	NOP
0x0039	0x0000      	NOP
;affiharge_par_d_clage.c,11 :: 		porta.ra0=1;porta.ra0=0;porta.ra2=1;porta.ra2=0;portb=l; delay_ms(1);
0x003A	0x1405      	BSF        PORTA, 0
0x003B	0x1005      	BCF        PORTA, 0
0x003C	0x1505      	BSF        PORTA, 2
0x003D	0x1105      	BCF        PORTA, 2
0x003E	0x081A      	MOVF       _l, 0
0x003F	0x0086      	MOVWF      PORTB
0x0040	0x3003      	MOVLW      3
0x0041	0x00CC      	MOVWF      R12
0x0042	0x3097      	MOVLW      151
0x0043	0x00CD      	MOVWF      R13
L_aff3:
0x0044	0x0BCD      	DECFSZ     R13, 1
0x0045	0x2844      	GOTO       L_aff3
0x0046	0x0BCC      	DECFSZ     R12, 1
0x0047	0x2844      	GOTO       L_aff3
0x0048	0x0000      	NOP
0x0049	0x0000      	NOP
;affiharge_par_d_clage.c,12 :: 		porta.ra0=1;porta.ra0=0;porta.ra2=1;porta.ra2=0;portb=m; delay_ms(1);
0x004A	0x1405      	BSF        PORTA, 0
0x004B	0x1005      	BCF        PORTA, 0
0x004C	0x1505      	BSF        PORTA, 2
0x004D	0x1105      	BCF        PORTA, 2
0x004E	0x0810      	MOVF       _m, 0
0x004F	0x0086      	MOVWF      PORTB
0x0050	0x3003      	MOVLW      3
0x0051	0x00CC      	MOVWF      R12
0x0052	0x3097      	MOVLW      151
0x0053	0x00CD      	MOVWF      R13
L_aff4:
0x0054	0x0BCD      	DECFSZ     R13, 1
0x0055	0x2854      	GOTO       L_aff4
0x0056	0x0BCC      	DECFSZ     R12, 1
0x0057	0x2854      	GOTO       L_aff4
0x0058	0x0000      	NOP
0x0059	0x0000      	NOP
;affiharge_par_d_clage.c,13 :: 		porta.ra0=1;porta.ra0=0;porta.ra2=1;porta.ra2=0;portb=o; delay_ms(1);
0x005A	0x1405      	BSF        PORTA, 0
0x005B	0x1005      	BCF        PORTA, 0
0x005C	0x1505      	BSF        PORTA, 2
0x005D	0x1105      	BCF        PORTA, 2
0x005E	0x0812      	MOVF       _o, 0
0x005F	0x0086      	MOVWF      PORTB
0x0060	0x3003      	MOVLW      3
0x0061	0x00CC      	MOVWF      R12
0x0062	0x3097      	MOVLW      151
0x0063	0x00CD      	MOVWF      R13
L_aff5:
0x0064	0x0BCD      	DECFSZ     R13, 1
0x0065	0x2864      	GOTO       L_aff5
0x0066	0x0BCC      	DECFSZ     R12, 1
0x0067	0x2864      	GOTO       L_aff5
0x0068	0x0000      	NOP
0x0069	0x0000      	NOP
;affiharge_par_d_clage.c,14 :: 		}
L_end_aff:
0x006A	0x0008      	RETURN
; end of _aff
_main:
;affiharge_par_d_clage.c,16 :: 		void main() {
;affiharge_par_d_clage.c,17 :: 		init();
0x006B	0x2003      	CALL       _init
;affiharge_par_d_clage.c,18 :: 		for(i=0;i<=5;i++){
0x006C	0x018E      	CLRF       _i
0x006D	0x018F      	CLRF       _i+1
L_main6:
0x006E	0x3080      	MOVLW      128
0x006F	0x00C0      	MOVWF      R0
0x0070	0x3080      	MOVLW      128
0x0071	0x060F      	XORWF      _i+1, 0
0x0072	0x0240      	SUBWF      R0, 0
0x0073	0x1D03      	BTFSS      STATUS, 2
0x0074	0x2877      	GOTO       L__main30
0x0075	0x080E      	MOVF       _i, 0
0x0076	0x3C05      	SUBLW      5
L__main30:
0x0077	0x1C03      	BTFSS      STATUS, 0
0x0078	0x28E4      	GOTO       L_main7
;affiharge_par_d_clage.c,19 :: 		for(j=0;j<=9;j++){
0x0079	0x0196      	CLRF       _j
0x007A	0x0197      	CLRF       _j+1
L_main9:
0x007B	0x3080      	MOVLW      128
0x007C	0x00C0      	MOVWF      R0
0x007D	0x3080      	MOVLW      128
0x007E	0x0617      	XORWF      _j+1, 0
0x007F	0x0240      	SUBWF      R0, 0
0x0080	0x1D03      	BTFSS      STATUS, 2
0x0081	0x2884      	GOTO       L__main31
0x0082	0x0816      	MOVF       _j, 0
0x0083	0x3C09      	SUBLW      9
L__main31:
0x0084	0x1C03      	BTFSS      STATUS, 0
0x0085	0x28E0      	GOTO       L_main10
;affiharge_par_d_clage.c,20 :: 		for(k=0;k<=5;k++){
0x0086	0x0198      	CLRF       _k
0x0087	0x0199      	CLRF       _k+1
L_main12:
0x0088	0x3080      	MOVLW      128
0x0089	0x00C0      	MOVWF      R0
0x008A	0x3080      	MOVLW      128
0x008B	0x0619      	XORWF      _k+1, 0
0x008C	0x0240      	SUBWF      R0, 0
0x008D	0x1D03      	BTFSS      STATUS, 2
0x008E	0x2891      	GOTO       L__main32
0x008F	0x0818      	MOVF       _k, 0
0x0090	0x3C05      	SUBLW      5
L__main32:
0x0091	0x1C03      	BTFSS      STATUS, 0
0x0092	0x28DC      	GOTO       L_main13
;affiharge_par_d_clage.c,21 :: 		for(l=0;l<=9;l++){
0x0093	0x019A      	CLRF       _l
0x0094	0x019B      	CLRF       _l+1
L_main15:
0x0095	0x3080      	MOVLW      128
0x0096	0x00C0      	MOVWF      R0
0x0097	0x3080      	MOVLW      128
0x0098	0x061B      	XORWF      _l+1, 0
0x0099	0x0240      	SUBWF      R0, 0
0x009A	0x1D03      	BTFSS      STATUS, 2
0x009B	0x289E      	GOTO       L__main33
0x009C	0x081A      	MOVF       _l, 0
0x009D	0x3C09      	SUBLW      9
L__main33:
0x009E	0x1C03      	BTFSS      STATUS, 0
0x009F	0x28D8      	GOTO       L_main16
;affiharge_par_d_clage.c,22 :: 		for(m=0;m<=5;m++){
0x00A0	0x0190      	CLRF       _m
0x00A1	0x0191      	CLRF       _m+1
L_main18:
0x00A2	0x3080      	MOVLW      128
0x00A3	0x00C0      	MOVWF      R0
0x00A4	0x3080      	MOVLW      128
0x00A5	0x0611      	XORWF      _m+1, 0
0x00A6	0x0240      	SUBWF      R0, 0
0x00A7	0x1D03      	BTFSS      STATUS, 2
0x00A8	0x28AB      	GOTO       L__main34
0x00A9	0x0810      	MOVF       _m, 0
0x00AA	0x3C05      	SUBLW      5
L__main34:
0x00AB	0x1C03      	BTFSS      STATUS, 0
0x00AC	0x28D4      	GOTO       L_main19
;affiharge_par_d_clage.c,23 :: 		for(o=0;o<=9;o++)
0x00AD	0x0192      	CLRF       _o
0x00AE	0x0193      	CLRF       _o+1
L_main21:
0x00AF	0x3080      	MOVLW      128
0x00B0	0x00C0      	MOVWF      R0
0x00B1	0x3080      	MOVLW      128
0x00B2	0x0613      	XORWF      _o+1, 0
0x00B3	0x0240      	SUBWF      R0, 0
0x00B4	0x1D03      	BTFSS      STATUS, 2
0x00B5	0x28B8      	GOTO       L__main35
0x00B6	0x0812      	MOVF       _o, 0
0x00B7	0x3C09      	SUBLW      9
L__main35:
0x00B8	0x1C03      	BTFSS      STATUS, 0
0x00B9	0x28D0      	GOTO       L_main22
;affiharge_par_d_clage.c,25 :: 		for(sec=0;sec<=166;sec++){
0x00BA	0x0194      	CLRF       _sec
0x00BB	0x0195      	CLRF       _sec+1
L_main24:
0x00BC	0x3080      	MOVLW      128
0x00BD	0x00C0      	MOVWF      R0
0x00BE	0x3080      	MOVLW      128
0x00BF	0x0615      	XORWF      _sec+1, 0
0x00C0	0x0240      	SUBWF      R0, 0
0x00C1	0x1D03      	BTFSS      STATUS, 2
0x00C2	0x28C5      	GOTO       L__main36
0x00C3	0x0814      	MOVF       _sec, 0
0x00C4	0x3CA6      	SUBLW      166
L__main36:
0x00C5	0x1C03      	BTFSS      STATUS, 0
0x00C6	0x28CC      	GOTO       L_main25
;affiharge_par_d_clage.c,26 :: 		aff();
0x00C7	0x2007      	CALL       _aff
;affiharge_par_d_clage.c,25 :: 		for(sec=0;sec<=166;sec++){
0x00C8	0x0A94      	INCF       _sec, 1
0x00C9	0x1903      	BTFSC      STATUS, 2
0x00CA	0x0A95      	INCF       _sec+1, 1
;affiharge_par_d_clage.c,27 :: 		}
0x00CB	0x28BC      	GOTO       L_main24
L_main25:
;affiharge_par_d_clage.c,23 :: 		for(o=0;o<=9;o++)
0x00CC	0x0A92      	INCF       _o, 1
0x00CD	0x1903      	BTFSC      STATUS, 2
0x00CE	0x0A93      	INCF       _o+1, 1
;affiharge_par_d_clage.c,30 :: 		}
0x00CF	0x28AF      	GOTO       L_main21
L_main22:
;affiharge_par_d_clage.c,22 :: 		for(m=0;m<=5;m++){
0x00D0	0x0A90      	INCF       _m, 1
0x00D1	0x1903      	BTFSC      STATUS, 2
0x00D2	0x0A91      	INCF       _m+1, 1
;affiharge_par_d_clage.c,31 :: 		}
0x00D3	0x28A2      	GOTO       L_main18
L_main19:
;affiharge_par_d_clage.c,21 :: 		for(l=0;l<=9;l++){
0x00D4	0x0A9A      	INCF       _l, 1
0x00D5	0x1903      	BTFSC      STATUS, 2
0x00D6	0x0A9B      	INCF       _l+1, 1
;affiharge_par_d_clage.c,32 :: 		}
0x00D7	0x2895      	GOTO       L_main15
L_main16:
;affiharge_par_d_clage.c,20 :: 		for(k=0;k<=5;k++){
0x00D8	0x0A98      	INCF       _k, 1
0x00D9	0x1903      	BTFSC      STATUS, 2
0x00DA	0x0A99      	INCF       _k+1, 1
;affiharge_par_d_clage.c,33 :: 		}
0x00DB	0x2888      	GOTO       L_main12
L_main13:
;affiharge_par_d_clage.c,19 :: 		for(j=0;j<=9;j++){
0x00DC	0x0A96      	INCF       _j, 1
0x00DD	0x1903      	BTFSC      STATUS, 2
0x00DE	0x0A97      	INCF       _j+1, 1
;affiharge_par_d_clage.c,34 :: 		}
0x00DF	0x287B      	GOTO       L_main9
L_main10:
;affiharge_par_d_clage.c,18 :: 		for(i=0;i<=5;i++){
0x00E0	0x0A8E      	INCF       _i, 1
0x00E1	0x1903      	BTFSC      STATUS, 2
0x00E2	0x0A8F      	INCF       _i+1, 1
;affiharge_par_d_clage.c,35 :: 		}
0x00E3	0x286E      	GOTO       L_main6
L_main7:
;affiharge_par_d_clage.c,36 :: 		}
L_end_main:
0x00E4	0x28E4      	GOTO       $+0
; end of _main
Symbol List:
//** Routines locations **
//ADDRESS    SIZE    PROCEDURE
//----------------------------------------------
0x0003       [4]    _init
0x0007     [100]    _aff
0x006B     [122]    _main
//** Variables locations ** 
//ADDRESS    SIZE    VARIABLE
//----------------------------------------------
0x0000       [1]    INDF
0x0003       [1]    STATUS
0x0004       [1]    FSR
0x0005       [1]    PORTA
0x0006       [1]    PORTB
0x000A       [1]    PCLATH
0x000C       [2]    ___DoICPAddr
0x000E       [2]    _i
0x0010       [2]    _m
0x0012       [2]    _o
0x0014       [2]    _sec
0x0016       [2]    _j
0x0018       [2]    _k
0x001A       [2]    _l
0x0040       [1]    R0
0x0041       [1]    R1
0x0042       [1]    R2
0x0043       [1]    R3
0x0044       [1]    R4
0x0045       [1]    R5
0x0046       [1]    R6
0x0047       [1]    R7
0x0048       [1]    R8
0x0049       [1]    R9
0x004A       [1]    R10
0x004B       [1]    R11
0x004C       [1]    R12
0x004D       [1]    R13
0x004E       [1]    R14
0x004F       [1]    R15
0x0085       [1]    TRISA
0x0086       [1]    TRISB
